# JRE version: Java(TM) SE Runtime Environment (8.0_65-b17) (build 1.8.0_65-b17)
# Java VM: Java HotSpot(TM) 64-Bit Server VM (25.65-b01 mixed mode windows-amd64 compressed oops)
Heap:
 PSYoungGen      total 192000K, used 116154K [0x00000000eb600000, 0x00000000f7c80000, 0x0000000100000000)
  eden space 186368K, 62% used [0x00000000eb600000,0x00000000f2736b38,0x00000000f6c00000)
  from space 5632K, 3% used [0x00000000f6c00000,0x00000000f6c38000,0x00000000f7180000)
  to   space 5632K, 0% used [0x00000000f7700000,0x00000000f7700000,0x00000000f7c80000)
 ParOldGen       total 58368K, used 22619K [0x00000000c2200000, 0x00000000c5b00000, 0x00000000eb600000)
  object space 58368K, 38% used [0x00000000c2200000,0x00000000c3816f30,0x00000000c5b00000)
 Metaspace       used 28603K, capacity 28872K, committed 29312K, reserved 1075200K
  class space    used 3258K, capacity 3366K, committed 3456K, reserved 1048576K
GC Heap History (10 events):
Event: 1674.012 GC heap before
{Heap before GC invocations=47 (full 4):
 PSYoungGen      total 80896K, used 80207K [0x00000000eb600000, 0x00000000f8100000, 0x0000000100000000)
  eden space 80384K, 99% used [0x00000000eb600000,0x00000000f042be38,0x00000000f0480000)
  from space 512K, 31% used [0x00000000f8080000,0x00000000f80a8000,0x00000000f8100000)
  to   space 7168K, 0% used [0x00000000f7300000,0x00000000f7300000,0x00000000f7a00000)
 ParOldGen       total 58368K, used 22203K [0x00000000c2200000, 0x00000000c5b00000, 0x00000000eb600000)
  object space 58368K, 38% used [0x00000000c2200000,0x00000000c37aef20,0x00000000c5b00000)
 Metaspace       used 28581K, capacity 28872K, committed 29312K, reserved 1075200K
  class space    used 3258K, capacity 3366K, committed 3456K, reserved 1048576K
Event: 1674.060 GC heap after
Heap after GC invocations=47 (full 4):
 PSYoungGen      total 102912K, used 1821K [0x00000000eb600000, 0x00000000f8100000, 0x0000000100000000)
  eden space 95744K, 0% used [0x00000000eb600000,0x00000000eb600000,0x00000000f1380000)
  from space 7168K, 25% used [0x00000000f7300000,0x00000000f74c7490,0x00000000f7a00000)
  to   space 6656K, 0% used [0x00000000f7a80000,0x00000000f7a80000,0x00000000f8100000)
 ParOldGen       total 58368K, used 22267K [0x00000000c2200000, 0x00000000c5b00000, 0x00000000eb600000)
  object space 58368K, 38% used [0x00000000c2200000,0x00000000c37bef20,0x00000000c5b00000)
 Metaspace       used 28581K, capacity 28872K, committed 29312K, reserved 1075200K
  class space    used 3258K, capacity 3366K, committed 3456K, reserved 1048576K
}
Event: 1677.171 GC heap before
{Heap before GC invocations=48 (full 4):
 PSYoungGen      total 102912K, used 96419K [0x00000000eb600000, 0x00000000f8100000, 0x0000000100000000)
  eden space 95744K, 98% used [0x00000000eb600000,0x00000000f12619e8,0x00000000f1380000)
  from space 7168K, 25% used [0x00000000f7300000,0x00000000f74c7490,0x00000000f7a00000)
  to   space 6656K, 0% used [0x00000000f7a80000,0x00000000f7a80000,0x00000000f8100000)
 ParOldGen       total 58368K, used 22267K [0x00000000c2200000, 0x00000000c5b00000, 0x00000000eb600000)
  object space 58368K, 38% used [0x00000000c2200000,0x00000000c37bef20,0x00000000c5b00000)
 Metaspace       used 28583K, capacity 28872K, committed 29312K, reserved 1075200K
  class space    used 3258K, capacity 3366K, committed 3456K, reserved 1048576K
Event: 1677.207 GC heap after
Heap after GC invocations=48 (full 4):
 PSYoungGen      total 114688K, used 192K [0x00000000eb600000, 0x00000000f7b00000, 0x0000000100000000)
  eden space 114176K, 0% used [0x00000000eb600000,0x00000000eb600000,0x00000000f2580000)
  from space 512K, 37% used [0x00000000f7a80000,0x00000000f7ab0000,0x00000000f7b00000)
  to   space 6656K, 0% used [0x00000000f6e00000,0x00000000f6e00000,0x00000000f7480000)
 ParOldGen       total 58368K, used 22339K [0x00000000c2200000, 0x00000000c5b00000, 0x00000000eb600000)
  object space 58368K, 38% used [0x00000000c2200000,0x00000000c37d0f20,0x00000000c5b00000)
 Metaspace       used 28583K, capacity 28872K, committed 29312K, reserved 1075200K
  class space    used 3258K, capacity 3366K, committed 3456K, reserved 1048576K
}
Event: 1680.778 GC heap before
{Heap before GC invocations=49 (full 4):
 PSYoungGen      total 114688K, used 113106K [0x00000000eb600000, 0x00000000f7b00000, 0x0000000100000000)
  eden space 114176K, 98% used [0x00000000eb600000,0x00000000f2444968,0x00000000f2580000)
  from space 512K, 37% used [0x00000000f7a80000,0x00000000f7ab0000,0x00000000f7b00000)
  to   space 6656K, 0% used [0x00000000f6e00000,0x00000000f6e00000,0x00000000f7480000)
 ParOldGen       total 58368K, used 22339K [0x00000000c2200000, 0x00000000c5b00000, 0x00000000eb600000)
  object space 58368K, 38% used [0x00000000c2200000,0x00000000c37d0f20,0x00000000c5b00000)
 Metaspace       used 28583K, capacity 28872K, committed 29312K, reserved 1075200K
  class space    used 3258K, capacity 3366K, committed 3456K, reserved 1048576K
Event: 1680.837 GC heap after
Heap after GC invocations=49 (full 4):
 PSYoungGen      total 142848K, used 1901K [0x00000000eb600000, 0x00000000f7b00000, 0x0000000100000000)
  eden space 136192K, 0% used [0x00000000eb600000,0x00000000eb600000,0x00000000f3b00000)
  from space 6656K, 28% used [0x00000000f6e00000,0x00000000f6fdb4a0,0x00000000f7480000)
  to   space 6144K, 0% used [0x00000000f7500000,0x00000000f7500000,0x00000000f7b00000)
 ParOldGen       total 58368K, used 22411K [0x00000000c2200000, 0x00000000c5b00000, 0x00000000eb600000)
  object space 58368K, 38% used [0x00000000c2200000,0x00000000c37e2f20,0x00000000c5b00000)
 Metaspace       used 28583K, capacity 28872K, committed 29312K, reserved 1075200K
  class space    used 3258K, capacity 3366K, committed 3456K, reserved 1048576K
}
Event: 1684.581 GC heap before
{Heap before GC invocations=50 (full 4):
 PSYoungGen      total 142848K, used 137283K [0x00000000eb600000, 0x00000000f7b00000, 0x0000000100000000)
  eden space 136192K, 99% used [0x00000000eb600000,0x00000000f3a35760,0x00000000f3b00000)
  from space 6656K, 28% used [0x00000000f6e00000,0x00000000f6fdb4a0,0x00000000f7480000)
  to   space 6144K, 0% used [0x00000000f7500000,0x00000000f7500000,0x00000000f7b00000)
 ParOldGen       total 58368K, used 22411K [0x00000000c2200000, 0x00000000c5b00000, 0x00000000eb600000)
  object space 58368K, 38% used [0x00000000c2200000,0x00000000c37e2f20,0x00000000c5b00000)
 Metaspace       used 28600K, capacity 28872K, committed 29312K, reserved 1075200K
  class space    used 3258K, capacity 3366K, committed 3456K, reserved 1048576K
Event: 1684.614 GC heap after
Heap after GC invocations=50 (full 4):
 PSYoungGen      total 163840K, used 1949K [0x00000000eb600000, 0x00000000f7700000, 0x0000000100000000)
  eden space 161792K, 0% used [0x00000000eb600000,0x00000000eb600000,0x00000000f5400000)
  from space 2048K, 95% used [0x00000000f7500000,0x00000000f76e7490,0x00000000f7700000)
  to   space 5632K, 0% used [0x00000000f6c00000,0x00000000f6c00000,0x00000000f7180000)
 ParOldGen       total 58368K, used 22523K [0x00000000c2200000, 0x00000000c5b00000, 0x00000000eb600000)
  object space 58368K, 38% used [0x00000000c2200000,0x00000000c37fef30,0x00000000c5b00000)
 Metaspace       used 28600K, capacity 28872K, committed 29312K, reserved 1075200K
  class space    used 3258K, capacity 3366K, committed 3456K, reserved 1048576K
}
Event: 1689.696 GC heap before
{Heap before GC invocations=51 (full 4):
 PSYoungGen      total 163840K, used 162616K [0x00000000eb600000, 0x00000000f7700000, 0x0000000100000000)
  eden space 161792K, 99% used [0x00000000eb600000,0x00000000f52e6c78,0x00000000f5400000)
  from space 2048K, 95% used [0x00000000f7500000,0x00000000f76e7490,0x00000000f7700000)
  to   space 5632K, 0% used [0x00000000f6c00000,0x00000000f6c00000,0x00000000f7180000)
 ParOldGen       total 58368K, used 22523K [0x00000000c2200000, 0x00000000c5b00000, 0x00000000eb600000)
  object space 58368K, 38% used [0x00000000c2200000,0x00000000c37fef30,0x00000000c5b00000)
 Metaspace       used 28603K, capacity 28872K, committed 29312K, reserved 1075200K
  class space    used 3258K, capacity 3366K, committed 3456K, reserved 1048576K
Event: 1689.735 GC heap after
Heap after GC invocations=51 (full 4):
 PSYoungGen      total 192000K, used 224K [0x00000000eb600000, 0x00000000f7c80000, 0x0000000100000000)
  eden space 186368K, 0% used [0x00000000eb600000,0x00000000eb600000,0x00000000f6c00000)
  from space 5632K, 3% used [0x00000000f6c00000,0x00000000f6c38000,0x00000000f7180000)
  to   space 5632K, 0% used [0x00000000f7700000,0x00000000f7700000,0x00000000f7c80000)
 ParOldGen       total 58368K, used 22619K [0x00000000c2200000, 0x00000000c5b00000, 0x00000000eb600000)
  object space 58368K, 38% used [0x00000000c2200000,0x00000000c3816f30,0x00000000c5b00000)
 Metaspace       used 28603K, capacity 28872K, committed 29312K, reserved 1075200K
  class space    used 3258K, capacity 3366K, committed 3456K, reserved 1048576K
}

